{"/home/airton/dev/dev/app/lib/Analyzer.js":{"path":"/home/airton/dev/dev/app/lib/Analyzer.js","s":{"1":1,"2":1,"3":1,"4":1,"5":7,"6":3,"7":3,"8":3,"9":1,"10":1,"11":1,"12":0,"13":1,"14":3,"15":1,"16":1,"17":1,"18":1,"19":1,"20":1,"21":1,"22":1,"23":1,"24":0,"25":1,"26":1},"b":{"1":[3,2,2],"2":[3,2],"3":[3,2],"4":[0,1],"5":[1,0],"6":[1,0],"7":[1,0],"8":[0,1]},"f":{"1":7,"2":3,"3":3,"4":3,"5":1,"6":1},"fnMap":{"1":{"name":"(anonymous_1)","line":12,"loc":{"start":{"line":12,"column":15},"end":{"line":12,"column":24}}},"2":{"name":"(anonymous_2)","line":16,"loc":{"start":{"line":16,"column":14},"end":{"line":16,"column":17}}},"3":{"name":"(anonymous_3)","line":20,"loc":{"start":{"line":20,"column":13},"end":{"line":20,"column":16}}},"4":{"name":"(anonymous_4)","line":24,"loc":{"start":{"line":24,"column":12},"end":{"line":24,"column":15}}},"5":{"name":"(anonymous_5)","line":28,"loc":{"start":{"line":28,"column":13},"end":{"line":28,"column":36}}},"6":{"name":"(anonymous_6)","line":47,"loc":{"start":{"line":47,"column":8},"end":{"line":47,"column":19}}}},"statementMap":{"1":{"start":{"line":3,"column":0},"end":{"line":3,"column":38}},"2":{"start":{"line":4,"column":0},"end":{"line":4,"column":46}},"3":{"start":{"line":6,"column":0},"end":{"line":6,"column":40}},"4":{"start":{"line":8,"column":0},"end":{"line":8,"column":31}},"5":{"start":{"line":13,"column":8},"end":{"line":13,"column":29}},"6":{"start":{"line":17,"column":8},"end":{"line":17,"column":84}},"7":{"start":{"line":21,"column":8},"end":{"line":21,"column":66}},"8":{"start":{"line":25,"column":8},"end":{"line":25,"column":64}},"9":{"start":{"line":30,"column":8},"end":{"line":30,"column":133}},"10":{"start":{"line":32,"column":8},"end":{"line":44,"column":11}},"11":{"start":{"line":34,"column":12},"end":{"line":36,"column":13}},"12":{"start":{"line":35,"column":16},"end":{"line":35,"column":37}},"13":{"start":{"line":38,"column":12},"end":{"line":42,"column":15}},"14":{"start":{"line":39,"column":16},"end":{"line":39,"column":65}},"15":{"start":{"line":41,"column":16},"end":{"line":41,"column":50}},"16":{"start":{"line":49,"column":8},"end":{"line":49,"column":28}},"17":{"start":{"line":50,"column":8},"end":{"line":52,"column":9}},"18":{"start":{"line":51,"column":12},"end":{"line":51,"column":47}},"19":{"start":{"line":53,"column":8},"end":{"line":55,"column":9}},"20":{"start":{"line":54,"column":12},"end":{"line":54,"column":46}},"21":{"start":{"line":56,"column":8},"end":{"line":58,"column":9}},"22":{"start":{"line":57,"column":12},"end":{"line":57,"column":44}},"23":{"start":{"line":60,"column":8},"end":{"line":62,"column":9}},"24":{"start":{"line":61,"column":12},"end":{"line":61,"column":39}},"25":{"start":{"line":64,"column":8},"end":{"line":64,"column":45}},"26":{"start":{"line":68,"column":0},"end":{"line":68,"column":26}}},"branchMap":{"1":{"line":17,"type":"binary-expr","locations":[{"start":{"line":17,"column":15},"end":{"line":17,"column":36}},{"start":{"line":17,"column":40},"end":{"line":17,"column":60}},{"start":{"line":17,"column":64},"end":{"line":17,"column":83}}]},"2":{"line":21,"type":"binary-expr","locations":[{"start":{"line":21,"column":15},"end":{"line":21,"column":38}},{"start":{"line":21,"column":42},"end":{"line":21,"column":65}}]},"3":{"line":25,"type":"binary-expr","locations":[{"start":{"line":25,"column":15},"end":{"line":25,"column":35}},{"start":{"line":25,"column":39},"end":{"line":25,"column":63}}]},"4":{"line":34,"type":"if","locations":[{"start":{"line":34,"column":12},"end":{"line":34,"column":12}},{"start":{"line":34,"column":12},"end":{"line":34,"column":12}}]},"5":{"line":50,"type":"if","locations":[{"start":{"line":50,"column":8},"end":{"line":50,"column":8}},{"start":{"line":50,"column":8},"end":{"line":50,"column":8}}]},"6":{"line":53,"type":"if","locations":[{"start":{"line":53,"column":8},"end":{"line":53,"column":8}},{"start":{"line":53,"column":8},"end":{"line":53,"column":8}}]},"7":{"line":56,"type":"if","locations":[{"start":{"line":56,"column":8},"end":{"line":56,"column":8}},{"start":{"line":56,"column":8},"end":{"line":56,"column":8}}]},"8":{"line":60,"type":"if","locations":[{"start":{"line":60,"column":8},"end":{"line":60,"column":8}},{"start":{"line":60,"column":8},"end":{"line":60,"column":8}}]}}},"/home/airton/dev/dev/app/lib/Mailer.js":{"path":"/home/airton/dev/dev/app/lib/Mailer.js","s":{"1":1,"2":1,"3":1,"4":1,"5":1,"6":1,"7":1,"8":1,"9":3,"10":3,"11":3,"12":3,"13":0,"14":0,"15":3,"16":3,"17":1},"b":{"1":[0,3]},"f":{"1":1,"2":1,"3":3},"fnMap":{"1":{"name":"(anonymous_1)","line":9,"loc":{"start":{"line":9,"column":15},"end":{"line":9,"column":35}}},"2":{"name":"(anonymous_2)","line":34,"loc":{"start":{"line":34,"column":16},"end":{"line":34,"column":33}}},"3":{"name":"(anonymous_3)","line":38,"loc":{"start":{"line":38,"column":8},"end":{"line":38,"column":42}}}},"statementMap":{"1":{"start":{"line":3,"column":0},"end":{"line":3,"column":41}},"2":{"start":{"line":4,"column":0},"end":{"line":4,"column":35}},"3":{"start":{"line":5,"column":0},"end":{"line":5,"column":41}},"4":{"start":{"line":6,"column":0},"end":{"line":6,"column":25}},"5":{"start":{"line":12,"column":8},"end":{"line":21,"column":11}},"6":{"start":{"line":23,"column":8},"end":{"line":23,"column":39}},"7":{"start":{"line":25,"column":8},"end":{"line":30,"column":10}},"8":{"start":{"line":35,"column":8},"end":{"line":35,"column":84}},"9":{"start":{"line":40,"column":8},"end":{"line":40,"column":68}},"10":{"start":{"line":42,"column":8},"end":{"line":45,"column":11}},"11":{"start":{"line":47,"column":8},"end":{"line":54,"column":11}},"12":{"start":{"line":48,"column":12},"end":{"line":51,"column":13}},"13":{"start":{"line":49,"column":16},"end":{"line":49,"column":45}},"14":{"start":{"line":50,"column":16},"end":{"line":50,"column":37}},"15":{"start":{"line":52,"column":12},"end":{"line":52,"column":37}},"16":{"start":{"line":53,"column":12},"end":{"line":53,"column":30}},"17":{"start":{"line":60,"column":0},"end":{"line":60,"column":24}}},"branchMap":{"1":{"line":48,"type":"if","locations":[{"start":{"line":48,"column":12},"end":{"line":48,"column":12}},{"start":{"line":48,"column":12},"end":{"line":48,"column":12}}]}}},"/home/airton/dev/dev/app/config/config.js":{"path":"/home/airton/dev/dev/app/config/config.js","s":{"1":1},"b":{},"f":{},"fnMap":{},"statementMap":{"1":{"start":{"line":3,"column":0},"end":{"line":13,"column":2}}},"branchMap":{}},"/home/airton/dev/dev/app/lib/Results.js":{"path":"/home/airton/dev/dev/app/lib/Results.js","s":{"1":1},"b":{},"f":{},"fnMap":{},"statementMap":{"1":{"start":{"line":1,"column":0},"end":{"line":5,"column":2}}},"branchMap":{}}}