TN:
SF:/home/airton/dev/dev/app/lib/Analyzer.js
FN:12,(anonymous_1)
FN:16,(anonymous_2)
FN:20,(anonymous_3)
FN:24,(anonymous_4)
FN:28,(anonymous_5)
FN:47,(anonymous_6)
FNF:6
FNH:6
FNDA:7,(anonymous_1)
FNDA:3,(anonymous_2)
FNDA:3,(anonymous_3)
FNDA:3,(anonymous_4)
FNDA:1,(anonymous_5)
FNDA:1,(anonymous_6)
DA:3,1
DA:4,1
DA:6,1
DA:8,1
DA:13,7
DA:17,3
DA:21,3
DA:25,3
DA:30,1
DA:32,1
DA:34,1
DA:35,0
DA:38,1
DA:39,3
DA:41,1
DA:49,1
DA:50,1
DA:51,1
DA:53,1
DA:54,1
DA:56,1
DA:57,1
DA:60,1
DA:61,0
DA:64,1
DA:68,1
LF:26
LH:24
BRDA:17,1,0,3
BRDA:17,1,1,2
BRDA:17,1,2,2
BRDA:21,2,0,3
BRDA:21,2,1,2
BRDA:25,3,0,3
BRDA:25,3,1,2
BRDA:34,4,0,0
BRDA:34,4,1,1
BRDA:50,5,0,1
BRDA:50,5,1,0
BRDA:53,6,0,1
BRDA:53,6,1,0
BRDA:56,7,0,1
BRDA:56,7,1,0
BRDA:60,8,0,0
BRDA:60,8,1,1
BRF:17
BRH:12
end_of_record
TN:
SF:/home/airton/dev/dev/app/lib/Mailer.js
FN:9,(anonymous_1)
FN:34,(anonymous_2)
FN:38,(anonymous_3)
FNF:3
FNH:3
FNDA:1,(anonymous_1)
FNDA:1,(anonymous_2)
FNDA:3,(anonymous_3)
DA:3,1
DA:4,1
DA:5,1
DA:6,1
DA:12,1
DA:23,1
DA:25,1
DA:35,1
DA:40,3
DA:42,3
DA:47,3
DA:48,3
DA:49,0
DA:50,0
DA:52,3
DA:53,3
DA:60,1
LF:17
LH:15
BRDA:48,1,0,0
BRDA:48,1,1,3
BRF:2
BRH:1
end_of_record
TN:
SF:/home/airton/dev/dev/app/config/config.js
FNF:0
FNH:0
DA:3,1
LF:1
LH:1
BRF:0
BRH:0
end_of_record
TN:
SF:/home/airton/dev/dev/app/lib/Results.js
FNF:0
FNH:0
DA:1,1
LF:1
LH:1
BRF:0
BRH:0
end_of_record
