TN:
SF:/home/airton/dev/dev/app/lib/Analyzer.js
FN:12,(anonymous_1)
FN:20,(anonymous_2)
FN:28,(anonymous_3)
FN:36,(anonymous_4)
FN:46,(anonymous_5)
FN:70,(anonymous_6)
FNF:6
FNH:6
FNDA:7,(anonymous_1)
FNDA:3,(anonymous_2)
FNDA:3,(anonymous_3)
FNDA:3,(anonymous_4)
FNDA:1,(anonymous_5)
FNDA:1,(anonymous_6)
DA:3,1
DA:4,1
DA:6,1
DA:8,1
DA:13,7
DA:21,3
DA:29,3
DA:37,3
DA:48,1
DA:50,1
DA:52,1
DA:53,0
DA:56,1
DA:57,3
DA:59,1
DA:72,1
DA:73,1
DA:74,1
DA:76,1
DA:77,1
DA:79,1
DA:80,1
DA:83,1
DA:84,0
DA:87,1
DA:91,1
LF:26
LH:24
BRDA:21,1,0,3
BRDA:21,1,1,2
BRDA:21,1,2,2
BRDA:29,2,0,3
BRDA:29,2,1,2
BRDA:37,3,0,3
BRDA:37,3,1,1
BRDA:52,4,0,0
BRDA:52,4,1,1
BRDA:73,5,0,1
BRDA:73,5,1,0
BRDA:76,6,0,1
BRDA:76,6,1,0
BRDA:79,7,0,1
BRDA:79,7,1,0
BRDA:83,8,0,0
BRDA:83,8,1,1
BRF:17
BRH:12
end_of_record
TN:
SF:/home/airton/dev/dev/app/lib/Mailer.js
FN:9,(anonymous_1)
FN:40,(anonymous_2)
FN:52,(anonymous_3)
FNF:3
FNH:3
FNDA:1,(anonymous_1)
FNDA:1,(anonymous_2)
FNDA:3,(anonymous_3)
DA:3,1
DA:4,1
DA:5,1
DA:6,1
DA:12,1
DA:23,1
DA:25,1
DA:41,1
DA:54,3
DA:56,3
DA:61,3
DA:62,3
DA:63,0
DA:64,0
DA:66,3
DA:67,3
DA:74,1
LF:17
LH:15
BRDA:62,1,0,0
BRDA:62,1,1,3
BRF:2
BRH:1
end_of_record
TN:
SF:/home/airton/dev/dev/app/config/config.js
FN:9,(anonymous_1)
FNF:1
FNH:1
FNDA:1,(anonymous_1)
DA:3,1
DA:4,1
DA:5,1
DA:9,1
DA:10,1
DA:21,1
DA:22,0
DA:24,1
LF:8
LH:7
BRDA:21,1,0,0
BRDA:21,1,1,1
BRF:2
BRH:1
end_of_record
TN:
SF:/home/airton/dev/dev/app/lib/Results.js
FNF:0
FNH:0
DA:1,1
LF:1
LH:1
BRF:0
BRH:0
end_of_record
